<?xml version="1.0" encoding="UTF-8"?>
<!-- Generated by org.testng.reporters.JUnitReportReporter -->
<testsuite hostname="LTIN513387" failures="0" tests="16" name="TestCases.be_cognizant_testcase" time="262.654" errors="0" timestamp="2024-06-07T13:59:13 IST" skipped="0">
  <testcase classname="TestCases.be_cognizant_testcase" name="testUser" time="8.424"/>
  <testcase classname="TestCases.be_cognizant_testcase" name="testUser" time="9.089"/>
  <testcase classname="TestCases.be_cognizant_testcase" name="testUserDetails" time="2.484"/>
  <testcase classname="TestCases.be_cognizant_testcase" name="testUserDetails" time="2.782"/>
  <testcase classname="TestCases.be_cognizant_testcase" name="AroundCognizant" time="2.184"/>
  <testcase classname="TestCases.be_cognizant_testcase" name="AroundCognizant" time="2.271"/>
  <testcase classname="TestCases.be_cognizant_testcase" name="workonheader" time="17.250"/>
  <testcase classname="TestCases.be_cognizant_testcase" name="workonheader" time="18.560"/>
  <testcase classname="TestCases.be_cognizant_testcase" name="newsSelect" time="0.093"/>
  <testcase classname="TestCases.be_cognizant_testcase" name="newsSelect" time="0.088"/>
  <testcase classname="TestCases.be_cognizant_testcase" name="seeAllNaviagtion" time="8.342"/>
  <testcase classname="TestCases.be_cognizant_testcase" name="seeAllNaviagtion" time="8.419"/>
  <testcase classname="TestCases.be_cognizant_testcase" name="newsValidation" time="20.543"/>
  <testcase classname="TestCases.be_cognizant_testcase" name="newsValidation" time="20.785"/>
  <testcase classname="TestCases.be_cognizant_testcase" name="seeAllNewsHeader" time="70.406"/>
  <testcase classname="TestCases.be_cognizant_testcase" name="seeAllNewsHeader" time="70.934"/>
</testsuite> <!-- TestCases.be_cognizant_testcase -->
